<?xml version="1.0" encoding="UTF-8"?>
<testng-results skipped="0" failed="0" total="1" passed="1">
  <reporter-output>
  </reporter-output>
  <suite name="Default suite" duration-ms="29333" started-at="2017-01-26T02:15:06Z" finished-at="2017-01-26T02:15:35Z">
    <groups>
    </groups>
    <test name="Default test" duration-ms="29333" started-at="2017-01-26T02:15:06Z" finished-at="2017-01-26T02:15:35Z">
      <class name="com.test.robot.UploadFile">
        <test-method status="PASS" signature="uploadFile()[pri:0, instance:com.test.robot.UploadFile@6fffcba5]" name="uploadFile" duration-ms="29302" started-at="2017-01-25T18:15:06Z" finished-at="2017-01-25T18:15:35Z">
          <reporter-output>
          </reporter-output>
        </test-method> <!-- uploadFile -->
      </class> <!-- com.test.robot.UploadFile -->
    </test> <!-- Default test -->
  </suite> <!-- Default suite -->
</testng-results>
