<?xml version="1.0" encoding="UTF-8"?>
<testng-results skipped="0" failed="0" total="1" passed="1">
  <reporter-output>
  </reporter-output>
  <suite name="Suite" duration-ms="10344" started-at="2016-10-07T22:12:01Z" finished-at="2016-10-07T22:12:12Z">
    <groups>
    </groups>
    <test name="Test" duration-ms="10344" started-at="2016-10-07T22:12:01Z" finished-at="2016-10-07T22:12:12Z">
      <class name="JenkinsDemo.JenkinsDemoEx">
        <test-method status="PASS" signature="jenkinsex()[pri:0, instance:JenkinsDemo.JenkinsDemoEx@21a06946]" name="jenkinsex" duration-ms="10330" started-at="2016-10-07T15:12:01Z" finished-at="2016-10-07T15:12:12Z">
          <reporter-output>
          </reporter-output>
        </test-method> <!-- jenkinsex -->
      </class> <!-- JenkinsDemo.JenkinsDemoEx -->
    </test> <!-- Test -->
  </suite> <!-- Suite -->
</testng-results>
