<?xml version="1.0" encoding="UTF-8"?>
<!-- Generated by org.testng.reporters.JUnitXMLReporter -->
<testsuite hostname="family" name="Default test" tests="3" failures="0" timestamp="13 Jan 2017 22:59:19 GMT" time="23.531" errors="0">
  <testcase name="testLoginLink" time="2.813" classname="com.test.LoginPageTest"/>
  <testcase name="testLogin" time="2.73" classname="com.test.LoginPageTest"/>
  <testcase name="testForgotPass" time="0.095" classname="com.test.LoginPageTest"/>
</testsuite> <!-- Default test -->
