<?xml version="1.0" encoding="UTF-8"?>
<testng-results skipped="0" failed="0" total="5" passed="5">
  <reporter-output>
  </reporter-output>
  <suite name="Default suite" duration-ms="237" started-at="2016-08-26T04:01:20Z" finished-at="2016-08-26T04:01:20Z">
    <groups>
    </groups>
    <test name="Default test" duration-ms="237" started-at="2016-08-26T04:01:20Z" finished-at="2016-08-26T04:01:20Z">
      <class name="com.test.StringOperationTest">
        <test-method status="PASS" signature="method1()[pri:0, instance:com.test.StringOperationTest@d70c109]" name="method1" duration-ms="109" started-at="2016-08-25T21:01:20Z" finished-at="2016-08-25T21:01:20Z">
          <reporter-output>
          </reporter-output>
        </test-method> <!-- method1 -->
        <test-method status="PASS" signature="method2()[pri:0, instance:com.test.StringOperationTest@d70c109]" name="method2" duration-ms="2" started-at="2016-08-25T21:01:20Z" finished-at="2016-08-25T21:01:20Z">
          <reporter-output>
          </reporter-output>
        </test-method> <!-- method2 -->
        <test-method status="PASS" signature="method3()[pri:0, instance:com.test.StringOperationTest@d70c109]" name="method3" duration-ms="2" started-at="2016-08-25T21:01:20Z" finished-at="2016-08-25T21:01:20Z">
          <reporter-output>
          </reporter-output>
        </test-method> <!-- method3 -->
        <test-method status="PASS" signature="method4()[pri:0, instance:com.test.StringOperationTest@d70c109]" name="method4" duration-ms="2" started-at="2016-08-25T21:01:20Z" finished-at="2016-08-25T21:01:20Z">
          <reporter-output>
          </reporter-output>
        </test-method> <!-- method4 -->
        <test-method status="PASS" signature="method5()[pri:0, instance:com.test.StringOperationTest@d70c109]" name="method5" duration-ms="2" started-at="2016-08-25T21:01:20Z" finished-at="2016-08-25T21:01:20Z">
          <reporter-output>
          </reporter-output>
        </test-method> <!-- method5 -->
      </class> <!-- com.test.StringOperationTest -->
    </test> <!-- Default test -->
  </suite> <!-- Default suite -->
</testng-results>
