<?xml version="1.0" encoding="UTF-8"?>
<testng-results skipped="3" failed="0" total="3" passed="0">
  <reporter-output>
  </reporter-output>
  <suite name="Suite" duration-ms="150" started-at="2016-11-10T21:45:47Z" finished-at="2016-11-10T21:45:47Z">
    <groups>
    </groups>
    <test name="HomeTest" duration-ms="56" started-at="2016-11-10T21:45:47Z" finished-at="2016-11-10T21:45:47Z">
      <class name="com.wbl.test.HomePageTest">
        <test-method status="FAIL" signature="beforeTest()[pri:0, instance:com.wbl.test.HomePageTest@4cdbe50f]" name="beforeTest" is-config="true" duration-ms="0" started-at="2016-11-10T13:45:47Z" finished-at="2016-11-10T13:45:47Z">
          <exception class="java.lang.NullPointerException">
            <full-stacktrace>
              <![CDATA[java.lang.NullPointerException
	at com.wbl.helper.ConfigUtils.<init>(ConfigUtils.java:29)
	at com.wbl.common.CommonTest.beforeTest(CommonTest.java:22)
	at sun.reflect.NativeMethodAccessorImpl.invoke0(Native Method)
	at sun.reflect.NativeMethodAccessorImpl.invoke(NativeMethodAccessorImpl.java:62)
	at sun.reflect.DelegatingMethodAccessorImpl.invoke(DelegatingMethodAccessorImpl.java:43)
	at java.lang.reflect.Method.invoke(Method.java:497)
	at org.testng.internal.MethodInvocationHelper.invokeMethod(MethodInvocationHelper.java:86)
	at org.testng.internal.Invoker.invokeConfigurationMethod(Invoker.java:514)
	at org.testng.internal.Invoker.invokeConfigurations(Invoker.java:215)
	at org.testng.internal.Invoker.invokeConfigurations(Invoker.java:142)
	at org.testng.TestRunner.beforeRun(TestRunner.java:656)
	at org.testng.TestRunner.run(TestRunner.java:624)
	at org.testng.SuiteRunner.runTest(SuiteRunner.java:366)
	at org.testng.SuiteRunner.runSequentially(SuiteRunner.java:361)
	at org.testng.SuiteRunner.privateRun(SuiteRunner.java:319)
	at org.testng.SuiteRunner.run(SuiteRunner.java:268)
	at org.testng.SuiteRunnerWorker.runSuite(SuiteRunnerWorker.java:52)
	at org.testng.SuiteRunnerWorker.run(SuiteRunnerWorker.java:86)
	at org.testng.TestNG.runSuitesSequentially(TestNG.java:1244)
	at org.testng.TestNG.runSuitesLocally(TestNG.java:1169)
	at org.testng.TestNG.run(TestNG.java:1064)
	at org.testng.remote.RemoteTestNG.run(RemoteTestNG.java:113)
	at org.testng.remote.RemoteTestNG.initAndRun(RemoteTestNG.java:206)
	at org.testng.remote.RemoteTestNG.main(RemoteTestNG.java:177)
]]>
            </full-stacktrace>
          </exception> <!-- java.lang.NullPointerException -->
          <reporter-output>
          </reporter-output>
        </test-method> <!-- beforeTest -->
        <test-method status="SKIP" signature="beforeClass()[pri:0, instance:com.wbl.test.HomePageTest@4cdbe50f]" name="beforeClass" is-config="true" duration-ms="0" started-at="2016-11-10T13:45:47Z" finished-at="2016-11-10T13:45:47Z">
          <reporter-output>
          </reporter-output>
        </test-method> <!-- beforeClass -->
        <test-method status="SKIP" signature="testSectionHeaders()[pri:0, instance:com.wbl.test.HomePageTest@4cdbe50f]" name="testSectionHeaders" duration-ms="1" started-at="2016-11-10T13:45:47Z" finished-at="2016-11-10T13:45:47Z">
          <reporter-output>
          </reporter-output>
        </test-method> <!-- testSectionHeaders -->
        <test-method status="SKIP" signature="testSliders()[pri:0, instance:com.wbl.test.HomePageTest@4cdbe50f]" name="testSliders" duration-ms="1" started-at="2016-11-10T13:45:47Z" finished-at="2016-11-10T13:45:47Z">
          <reporter-output>
          </reporter-output>
        </test-method> <!-- testSliders -->
        <test-method status="SKIP" signature="testVideoPresent()[pri:0, instance:com.wbl.test.HomePageTest@4cdbe50f]" name="testVideoPresent" duration-ms="1" started-at="2016-11-10T13:45:47Z" finished-at="2016-11-10T13:45:47Z">
          <reporter-output>
          </reporter-output>
        </test-method> <!-- testVideoPresent -->
      </class> <!-- com.wbl.test.HomePageTest -->
    </test> <!-- HomeTest -->
    <test name="LoginTest" duration-ms="3" started-at="2016-11-10T21:45:47Z" finished-at="2016-11-10T21:45:47Z">
      <class name="com.wbl.test.LoginPageTest">
        <test-method status="FAIL" signature="beforeTest()[pri:0, instance:com.wbl.test.LoginPageTest@27f674d]" name="beforeTest" is-config="true" duration-ms="0" started-at="2016-11-10T13:45:47Z" finished-at="2016-11-10T13:45:47Z">
          <exception class="java.lang.NullPointerException">
            <full-stacktrace>
              <![CDATA[java.lang.NullPointerException
	at com.wbl.helper.ConfigUtils.<init>(ConfigUtils.java:29)
	at com.wbl.common.CommonTest.beforeTest(CommonTest.java:22)
	at sun.reflect.NativeMethodAccessorImpl.invoke0(Native Method)
	at sun.reflect.NativeMethodAccessorImpl.invoke(NativeMethodAccessorImpl.java:62)
	at sun.reflect.DelegatingMethodAccessorImpl.invoke(DelegatingMethodAccessorImpl.java:43)
	at java.lang.reflect.Method.invoke(Method.java:497)
	at org.testng.internal.MethodInvocationHelper.invokeMethod(MethodInvocationHelper.java:86)
	at org.testng.internal.Invoker.invokeConfigurationMethod(Invoker.java:514)
	at org.testng.internal.Invoker.invokeConfigurations(Invoker.java:215)
	at org.testng.internal.Invoker.invokeConfigurations(Invoker.java:142)
	at org.testng.TestRunner.beforeRun(TestRunner.java:656)
	at org.testng.TestRunner.run(TestRunner.java:624)
	at org.testng.SuiteRunner.runTest(SuiteRunner.java:366)
	at org.testng.SuiteRunner.runSequentially(SuiteRunner.java:361)
	at org.testng.SuiteRunner.privateRun(SuiteRunner.java:319)
	at org.testng.SuiteRunner.run(SuiteRunner.java:268)
	at org.testng.SuiteRunnerWorker.runSuite(SuiteRunnerWorker.java:52)
	at org.testng.SuiteRunnerWorker.run(SuiteRunnerWorker.java:86)
	at org.testng.TestNG.runSuitesSequentially(TestNG.java:1244)
	at org.testng.TestNG.runSuitesLocally(TestNG.java:1169)
	at org.testng.TestNG.run(TestNG.java:1064)
	at org.testng.remote.RemoteTestNG.run(RemoteTestNG.java:113)
	at org.testng.remote.RemoteTestNG.initAndRun(RemoteTestNG.java:206)
	at org.testng.remote.RemoteTestNG.main(RemoteTestNG.java:177)
]]>
            </full-stacktrace>
          </exception> <!-- java.lang.NullPointerException -->
          <reporter-output>
          </reporter-output>
        </test-method> <!-- beforeTest -->
      </class> <!-- com.wbl.test.LoginPageTest -->
    </test> <!-- LoginTest -->
  </suite> <!-- Suite -->
</testng-results>
