<?xml version="1.0" encoding="UTF-8"?>
<!-- Generated by org.testng.reporters.JUnitXMLReporter -->
<testsuite hostname="family" name="HomeTest" tests="3" failures="0" timestamp="10 Nov 2016 21:45:47 GMT" time="0.056" errors="0">
  <testcase name="@BeforeTest beforeTest" time="0.0" classname="com.wbl.test.HomePageTest">
    <failure type="java.lang.NullPointerException">
      <![CDATA[java.lang.NullPointerException
	at com.wbl.helper.ConfigUtils.<init>(ConfigUtils.java:29)
	at com.wbl.common.CommonTest.beforeTest(CommonTest.java:22)
... Removed 22 stack frames]]>
    </failure>
  </testcase> <!-- @BeforeTest beforeTest -->
  <testcase name="@BeforeClass beforeClass" time="0.0" classname="com.wbl.test.HomePageTest">
    <skipped/>
  </testcase> <!-- @BeforeClass beforeClass -->
  <testcase name="testSectionHeaders" time="0.001" classname="com.wbl.test.HomePageTest">
    <skipped/>
  </testcase> <!-- testSectionHeaders -->
  <testcase name="testSliders" time="0.001" classname="com.wbl.test.HomePageTest">
    <skipped/>
  </testcase> <!-- testSliders -->
  <testcase name="testVideoPresent" time="0.001" classname="com.wbl.test.HomePageTest">
    <skipped/>
  </testcase> <!-- testVideoPresent -->
</testsuite> <!-- HomeTest -->
