<?xml version="1.0" encoding="UTF-8"?>
<!-- Generated by org.testng.reporters.JUnitXMLReporter -->
<testsuite hostname="family" tests="0" failures="0" timestamp="10 Nov 2016 21:45:47 GMT" time="0.003" errors="0">
  <testcase name="@BeforeTest beforeTest" time="0.0" classname="com.wbl.test.LoginPageTest">
    <failure type="java.lang.NullPointerException">
      <![CDATA[java.lang.NullPointerException
	at com.wbl.helper.ConfigUtils.<init>(ConfigUtils.java:29)
	at com.wbl.common.CommonTest.beforeTest(CommonTest.java:22)
... Removed 22 stack frames]]>
    </failure>
  </testcase> <!-- @BeforeTest beforeTest -->
</testsuite>
