<?xml version="1.0" encoding="UTF-8"?>
<!-- Generated by org.testng.reporters.JUnitXMLReporter -->
<testsuite hostname="family" name="Test" tests="3" failures="0" timestamp="10 Nov 2016 21:42:38 GMT" time="0.04" errors="0">
  <testcase name="@BeforeSuite beforeSuite" time="0.0" classname="com.wbl.test.HomePageTest">
    <failure type="java.lang.NullPointerException">
      <![CDATA[java.lang.NullPointerException
	at com.wbl.helper.ConfigUtils.<init>(ConfigUtils.java:29)
	at com.wbl.common.CommonTest.beforeSuite(CommonTest.java:21)
... Removed 18 stack frames]]>
    </failure>
  </testcase> <!-- @BeforeSuite beforeSuite -->
  <testcase name="@BeforeClass beforeClass" time="0.0" classname="com.wbl.test.HomePageTest">
    <skipped/>
  </testcase> <!-- @BeforeClass beforeClass -->
  <testcase name="testSectionHeaders" time="0.001" classname="com.wbl.test.HomePageTest">
    <skipped/>
  </testcase> <!-- testSectionHeaders -->
  <testcase name="testSliders" time="0.004" classname="com.wbl.test.HomePageTest">
    <skipped/>
  </testcase> <!-- testSliders -->
  <testcase name="testVideoPresent" time="0.001" classname="com.wbl.test.HomePageTest">
    <skipped/>
  </testcase> <!-- testVideoPresent -->
</testsuite> <!-- Test -->
