<?xml version="1.0" encoding="UTF-8"?>
<!-- Generated by org.testng.reporters.JUnitXMLReporter -->
<testsuite hostname="family" name="String" tests="7" failures="0" timestamp="5 Mar 2016 02:55:58 GMT" time="0.055" errors="0">
  <testcase name="method1" time="0.011" classname="com.test.StringOperationTest"/>
  <testcase name="method2" time="0.001" classname="com.test.StringOperationTest"/>
  <testcase name="method3" time="0.001" classname="com.test.StringOperationTest"/>
  <testcase name="method4" time="0.001" classname="com.test.StringOperationTest"/>
  <testcase name="method5" time="0.001" classname="com.test.StringOperationTest"/>
  <testcase name="method1" time="0.001" classname="com.test.StringOperationTest1"/>
  <testcase name="method2" time="0.001" classname="com.test.StringOperationTest1"/>
</testsuite> <!-- String -->
