<?xml version="1.0" encoding="UTF-8"?>
<testng-results skipped="0" failed="0" total="1" passed="1">
  <reporter-output>
  </reporter-output>
  <suite name="Default suite" duration-ms="21968" started-at="2016-12-22T07:46:02Z" finished-at="2016-12-22T07:46:24Z">
    <groups>
    </groups>
    <test name="Default test" duration-ms="21968" started-at="2016-12-22T07:46:02Z" finished-at="2016-12-22T07:46:24Z">
      <class name="com.ebay.Walmart">
        <test-method status="PASS" signature="findMaxPrice()[pri:0, instance:com.ebay.Walmart@45c8e616]" name="findMaxPrice" duration-ms="21944" started-at="2016-12-21T23:46:02Z" finished-at="2016-12-21T23:46:24Z">
          <reporter-output>
          </reporter-output>
        </test-method> <!-- findMaxPrice -->
      </class> <!-- com.ebay.Walmart -->
    </test> <!-- Default test -->
  </suite> <!-- Default suite -->
</testng-results>
