<?xml version="1.0" encoding="UTF-8"?>
<!-- Generated by org.testng.reporters.JUnitXMLReporter -->
<testsuite hostname="family" name="Default test" tests="5" failures="0" timestamp="26 Aug 2016 04:01:20 GMT" time="0.237" errors="0">
  <testcase name="method1" time="0.109" classname="com.test.StringOperationTest"/>
  <testcase name="method2" time="0.002" classname="com.test.StringOperationTest"/>
  <testcase name="method3" time="0.002" classname="com.test.StringOperationTest"/>
  <testcase name="method4" time="0.002" classname="com.test.StringOperationTest"/>
  <testcase name="method5" time="0.002" classname="com.test.StringOperationTest"/>
</testsuite> <!-- Default test -->
