<?xml version="1.0" encoding="UTF-8"?>
<testng-results skipped="0" failed="0" total="6" passed="6">
  <reporter-output>
  </reporter-output>
  <suite name="Suite" duration-ms="6409" started-at="2017-01-17T20:45:35Z" finished-at="2017-01-17T20:45:41Z">
    <groups>
    </groups>
    <test name="Test" duration-ms="6409" started-at="2017-01-17T20:45:35Z" finished-at="2017-01-17T20:45:41Z">
      <class name="com.test.HomePageTest">
        <test-method status="PASS" signature="beforeTest()[pri:0, instance:com.test.HomePageTest@357246de]" name="beforeTest" is-config="true" duration-ms="18400" started-at="2017-01-17T12:45:16Z" finished-at="2017-01-17T12:45:35Z">
          <reporter-output>
          </reporter-output>
        </test-method> <!-- beforeTest -->
        <test-method status="PASS" signature="beforeClass()[pri:0, instance:com.test.HomePageTest@357246de]" name="beforeClass" is-config="true" duration-ms="109" started-at="2017-01-17T12:45:35Z" finished-at="2017-01-17T12:45:35Z">
          <reporter-output>
          </reporter-output>
        </test-method> <!-- beforeClass -->
        <test-method status="PASS" signature="isEnrollPresent()[pri:0, instance:com.test.HomePageTest@357246de]" name="isEnrollPresent" duration-ms="229" started-at="2017-01-17T12:45:35Z" finished-at="2017-01-17T12:45:35Z">
          <reporter-output>
          </reporter-output>
        </test-method> <!-- isEnrollPresent -->
        <test-method status="PASS" signature="testSocialIcons()[pri:0, instance:com.test.HomePageTest@357246de]" name="testSocialIcons" duration-ms="61" started-at="2017-01-17T12:45:35Z" finished-at="2017-01-17T12:45:35Z">
          <reporter-output>
          </reporter-output>
        </test-method> <!-- testSocialIcons -->
        <test-method status="PASS" signature="testSocialTabs()[pri:0, instance:com.test.HomePageTest@357246de]" name="testSocialTabs" duration-ms="68" started-at="2017-01-17T12:45:35Z" finished-at="2017-01-17T12:45:35Z">
          <reporter-output>
          </reporter-output>
        </test-method> <!-- testSocialTabs -->
        <test-method status="PASS" signature="afterTest()[pri:0, instance:com.test.HomePageTest@357246de]" name="afterTest" is-config="true" duration-ms="35" started-at="2017-01-17T12:45:41Z" finished-at="2017-01-17T12:45:41Z">
          <reporter-output>
          </reporter-output>
        </test-method> <!-- afterTest -->
      </class> <!-- com.test.HomePageTest -->
      <class name="com.test.LoginPageTest">
        <test-method status="PASS" signature="beforeClass()[pri:0, instance:com.test.LoginPageTest@28f67ac7]" name="beforeClass" is-config="true" duration-ms="3" started-at="2017-01-17T12:45:35Z" finished-at="2017-01-17T12:45:35Z">
          <reporter-output>
          </reporter-output>
        </test-method> <!-- beforeClass -->
        <test-method status="PASS" signature="testLoginLink()[pri:1, instance:com.test.LoginPageTest@28f67ac7]" name="testLoginLink" duration-ms="3304" started-at="2017-01-17T12:45:35Z" finished-at="2017-01-17T12:45:39Z">
          <reporter-output>
          </reporter-output>
        </test-method> <!-- testLoginLink -->
        <test-method status="PASS" signature="testLogin()[pri:2, instance:com.test.LoginPageTest@28f67ac7]" name="testLogin" duration-ms="2483" started-at="2017-01-17T12:45:39Z" finished-at="2017-01-17T12:45:41Z">
          <reporter-output>
          </reporter-output>
        </test-method> <!-- testLogin -->
        <test-method status="PASS" signature="testForgotPass()[pri:3, instance:com.test.LoginPageTest@28f67ac7]" name="testForgotPass" duration-ms="75" started-at="2017-01-17T12:45:41Z" finished-at="2017-01-17T12:45:41Z">
          <reporter-output>
          </reporter-output>
        </test-method> <!-- testForgotPass -->
        <test-method status="PASS" signature="afterClass()[pri:0, instance:com.test.LoginPageTest@28f67ac7]" name="afterClass" is-config="true" duration-ms="34" started-at="2017-01-17T12:45:41Z" finished-at="2017-01-17T12:45:41Z">
          <reporter-output>
          </reporter-output>
        </test-method> <!-- afterClass -->
      </class> <!-- com.test.LoginPageTest -->
    </test> <!-- Test -->
  </suite> <!-- Suite -->
</testng-results>
