<?xml version="1.0" encoding="UTF-8"?>
<!-- Generated by org.testng.reporters.JUnitXMLReporter -->
<testsuite hostname="family" name="Test" tests="6" failures="0" timestamp="15 Aug 2016 19:56:31 GMT" time="0.026" errors="0">
  <testcase name="addAccount" time="0.002" classname="com.test.NewTest2"/>
  <testcase name="cashDeposiy" time="0.001" classname="com.test.NewTest2"/>
  <testcase name="cashWithdraw" time="0.004" classname="com.test.NewTest2"/>
  <testcase name="fundTransfer" time="0.001" classname="com.test.NewTest2"/>
  <testcase name="logIn" time="0.002" classname="com.test.NewTest2"/>
  <testcase name="logOut" time="0.003" classname="com.test.NewTest2"/>
</testsuite> <!-- Test -->
