<?xml version="1.0" encoding="UTF-8"?>
<!-- Generated by org.testng.reporters.JUnitXMLReporter -->
<testsuite hostname="family" name="Functional Test" tests="4" failures="2" timestamp="22 Aug 2016 19:34:42 GMT" time="0.213" errors="0">
  <testcase name="@BeforeClass initialize" time="0.0" classname="com.test.HomePageTest">
    <failure type="java.lang.NullPointerException">
      <![CDATA[java.lang.NullPointerException
	at com.base.BasePage.<init>(BasePage.java:15)
	at com.page.HomePage.<init>(HomePage.java:16)
	at com.test.HomePageTest.initialize(HomePageTest.java:15)
... Removed 24 stack frames]]>
    </failure>
  </testcase> <!-- @BeforeClass initialize -->
  <testcase name="@AfterClass quit" time="0.0" classname="com.test.HomePageTest">
    <skipped/>
  </testcase> <!-- @AfterClass quit -->
  <testcase name="@AfterClass quit" time="0.0" classname="com.test.LoginPageTest">
    <failure type="java.lang.NullPointerException">
      <![CDATA[java.lang.NullPointerException
	at com.test.LoginPageTest.quit(LoginPageTest.java:39)
... Removed 24 stack frames]]>
    </failure>
  </testcase> <!-- @AfterClass quit -->
  <testcase name="testLoginLink" time="0.004" classname="com.test.HomePageTest">
    <skipped/>
  </testcase> <!-- testLoginLink -->
  <testcase name="testSocialLinks" time="0.001" classname="com.test.HomePageTest">
    <skipped/>
  </testcase> <!-- testSocialLinks -->
  <testcase name="testInvalidLogin" time="0.015" classname="com.test.LoginPageTest">
    <failure type="java.lang.NullPointerException">
      <![CDATA[java.lang.NullPointerException
	at com.test.LoginPageTest.testInvalidLogin(LoginPageTest.java:32)
... Removed 24 stack frames]]>
    </failure>
  </testcase> <!-- testInvalidLogin -->
  <testcase name="testInvalidLogin" time="0.001" classname="com.test.LoginPageTest">
    <failure type="java.lang.NullPointerException">
      <![CDATA[java.lang.NullPointerException
	at com.test.LoginPageTest.testInvalidLogin(LoginPageTest.java:32)
... Removed 24 stack frames]]>
    </failure>
  </testcase> <!-- testInvalidLogin -->
</testsuite> <!-- Functional Test -->
