<?xml version="1.0" encoding="UTF-8"?>
<!-- Generated by org.testng.reporters.JUnitXMLReporter -->
<testsuite hostname="family" name="Test" tests="6" failures="0" timestamp="17 Jan 2017 20:45:41 GMT" time="6.409" errors="0">
  <testcase name="isEnrollPresent" time="0.229" classname="com.test.HomePageTest"/>
  <testcase name="testSocialIcons" time="0.061" classname="com.test.HomePageTest"/>
  <testcase name="testSocialTabs" time="0.068" classname="com.test.HomePageTest"/>
  <testcase name="testLoginLink" time="3.304" classname="com.test.LoginPageTest"/>
  <testcase name="testLogin" time="2.483" classname="com.test.LoginPageTest"/>
  <testcase name="testForgotPass" time="0.075" classname="com.test.LoginPageTest"/>
</testsuite> <!-- Test -->
