<?xml version="1.0" encoding="UTF-8"?>
<!-- Generated by org.testng.reporters.JUnitXMLReporter -->
<testsuite hostname="family" name="Test" tests="8" failures="0" timestamp="26 Aug 2016 04:02:15 GMT" time="0.114" errors="0">
  <testcase name="cashDeposit" time="0.019" classname="com.test.NewTest3"/>
  <testcase name="cashDeposit1" time="0.019" classname="com.test.NewTest4"/>
  <testcase name="cashWithdraw" time="0.004" classname="com.test.NewTest3"/>
  <testcase name="cashWithdraw1" time="0.002" classname="com.test.NewTest4"/>
  <testcase name="fundTransfer" time="0.002" classname="com.test.NewTest3"/>
  <testcase name="fundTransfer1" time="0.002" classname="com.test.NewTest4"/>
  <testcase name="logIn1" time="0.001" classname="com.test.NewTest4"/>
  <testcase name="logIn" time="0.009" classname="com.test.NewTest3"/>
</testsuite> <!-- Test -->
