<?xml version="1.0" encoding="UTF-8"?>
<!-- Generated by org.testng.reporters.JUnitXMLReporter -->
<testsuite hostname="family" name="Test" tests="4" failures="0" timestamp="31 Jan 2017 07:10:30 GMT" time="14.661" errors="0">
  <testcase name="testCountCategories" time="0.2" classname="com.test.HomePageTest"/>
  <testcase name="testNavigate" time="1.966" classname="com.test.HomePageTest"/>
  <testcase name="testClickLink" time="1.097" classname="com.test.VehiclesPageTest"/>
  <testcase name="testLogo" time="0.032" classname="com.test.VehiclesPageTest"/>
</testsuite> <!-- Test -->
