<?xml version="1.0" encoding="UTF-8"?>
<!-- Generated by org.testng.reporters.JUnitXMLReporter -->
<testsuite hostname="family" name="String" tests="6" failures="0" timestamp="5 Mar 2016 02:53:49 GMT" time="0.047" errors="0">
  <testcase name="method1" time="0.01" classname="com.test.StringOperationsTest"/>
  <testcase name="method2" time="0.001" classname="com.test.StringOperationsTest"/>
  <testcase name="method3" time="0.001" classname="com.test.StringOperationsTest"/>
  <testcase name="method4" time="0.002" classname="com.test.StringOperationsTest"/>
  <testcase name="method5" time="0.001" classname="com.test.StringOperationsTest"/>
  <testcase name="method6" time="0.001" classname="com.test.StringOperationsTest"/>
</testsuite> <!-- String -->
